[08:26:35] [main/INFO]: Loading Minecraft 1.20.1 with Fabric Loader 0.15.7
[08:26:35] [main/INFO]: Loading Boze
[08:26:35] [main/INFO]: Done loading Boze, took 903ms
[08:26:35] [ForkJoinPool-1-worker-16/WARN]: Mod com_github_rtyley_animated-gif-lib-for-java uses the version animated-gif-lib-1.7 which isn't compatible with Loader's extended semantic version format (Could not parse version number component 'animated'!), SemVer is recommended for reliably evaluating dependencies and prioritizing newer version
[08:26:35] [ForkJoinPool-1-worker-7/WARN]: The mod "textutilities" contains invalid entries in its mod json:
- Unsupported root entry "includes" at line 36 column 12
[08:26:35] [main/WARN]: Duplicate mod sodium
[08:26:35] [main/WARN]: Duplicate mod baritone
[08:26:35] [main/WARN]: Duplicate mod fabric-api
[08:26:35] [main/WARN]: Duplicate mod cloth-config
[08:26:35] [main/WARN]: Duplicate mod fabric-key-binding-api-v1
[08:26:35] [main/WARN]: Duplicate mod fabric-api-base
[08:26:35] [main/WARN]: Duplicate mod mixinextras
[08:26:35] [main/WARN]: Duplicate mod fabric-resource-loader-v0
[08:26:35] [main/WARN]: Duplicate mod fabric-resource-loader-v0
[08:26:35] [main/WARN]: Duplicate mod fabric-api-base
[08:26:35] [main/WARN]: Duplicate mod fabric-key-binding-api-v1
[08:26:35] [main/WARN]: Duplicate mod fabric-lifecycle-events-v1
[08:26:35] [main/WARN]: Duplicate mod fabric-screen-api-v1
[08:26:35] [main/WARN]: Duplicate mod fabric-api-base
[08:26:35] [main/WARN]: Duplicate mod fabric-networking-api-v1
[08:26:35] [main/WARN]: Duplicate mod fabric-key-binding-api-v1
[08:26:35] [main/WARN]: Duplicate mod fabric-screen-api-v1
[08:26:35] [main/WARN]: Duplicate mod fabric-resource-loader-v0
[08:26:35] [main/WARN]: Duplicate mod com_konghq_unirest-java_standalone
[08:26:35] [main/WARN]: Duplicate mod yet_another_config_lib_v3
[08:26:35] [main/WARN]: Duplicate mod fabric-resource-loader-v0
[08:26:35] [main/WARN]: Duplicate mod fabric-rendering-fluids-v1
[08:26:35] [main/WARN]: Duplicate mod fabric-api-base
[08:26:35] [main/WARN]: Duplicate mod fabric-rendering-data-attachment-v1
[08:26:35] [main/WARN]: Duplicate mod fabric-block-view-api-v2
[08:26:35] [main/WARN]: Duplicate mod com_github_llamalad7_mixinextras
[08:26:35] [main/WARN]: Duplicate mod com_github_llamalad7_mixinextras
[08:26:36] [main/INFO]: Loading 162 mods:
	- appleskin 2.5.1+mc1.20
	   \-- cloth-config 11.0.99
	        \-- cloth-basic-math 0.6.1
	- balm-fabric 7.2.2
	- baritone 1.10.1
	- better_log4j_config 1.2.0
	- betteradvancements 0.3.2.162
	- betterhiddenchat 1.1.0
	- betterstats 3.9.7+fabric-1.20.1
	   \-- tcdcommons 3.9.6+fabric-1.20.1
	- betterthirdperson 1.9.0
	- bookcopy 0.1.1-1.20.1
	- boze-api 1.2.0
	- capes 1.5.2+1.20
	- chatnotify 1.2.0
	- cicada 0.6.2+1.20.1-and-below
	- cleardespawn 1.1.15
	- cloth-config 11.1.118
	   \-- cloth-basic-math 0.6.1
	- cmdkeybind 1.6.3-1.20
	   \-- kyrptconfig 1.5.6-1.20
	- controlling 12.0.2
	- csearcher 0.1.8+mc1.20
	- fabric-api 0.92.1+1.20.1
	   |-- fabric-api-base 0.4.31+1802ada577
	   |-- fabric-api-lookup-api-v1 1.6.36+1802ada577
	   |-- fabric-biome-api-v1 13.0.13+1802ada577
	   |-- fabric-block-api-v1 1.0.11+1802ada577
	   |-- fabric-block-view-api-v2 1.0.1+1802ada577
	   |-- fabric-blockrenderlayer-v1 1.1.41+1802ada577
	   |-- fabric-client-tags-api-v1 1.1.2+1802ada577
	   |-- fabric-command-api-v1 1.2.34+f71b366f77
	   |-- fabric-command-api-v2 2.2.13+1802ada577
	   |-- fabric-commands-v0 0.2.51+df3654b377
	   |-- fabric-containers-v0 0.1.64+df3654b377
	   |-- fabric-content-registries-v0 4.0.11+1802ada577
	   |-- fabric-convention-tags-v1 1.5.5+1802ada577
	   |-- fabric-crash-report-info-v1 0.2.19+1802ada577
	   |-- fabric-data-attachment-api-v1 1.0.0+de0fd6d177
	   |-- fabric-data-generation-api-v1 12.3.4+1802ada577
	   |-- fabric-dimensions-v1 2.1.54+1802ada577
	   |-- fabric-entity-events-v1 1.6.0+1c78457f77
	   |-- fabric-events-interaction-v0 0.6.2+1802ada577
	   |-- fabric-events-lifecycle-v0 0.2.63+df3654b377
	   |-- fabric-game-rule-api-v1 1.0.40+1802ada577
	   |-- fabric-item-api-v1 2.1.28+1802ada577
	   |-- fabric-item-group-api-v1 4.0.12+1802ada577
	   |-- fabric-key-binding-api-v1 1.0.37+1802ada577
	   |-- fabric-keybindings-v0 0.2.35+df3654b377
	   |-- fabric-lifecycle-events-v1 2.2.22+1802ada577
	   |-- fabric-loot-api-v2 1.2.1+1802ada577
	   |-- fabric-loot-tables-v1 1.1.45+9e7660c677
	   |-- fabric-message-api-v1 5.1.9+1802ada577
	   |-- fabric-mining-level-api-v1 2.1.50+1802ada577
	   |-- fabric-model-loading-api-v1 1.0.3+1802ada577
	   |-- fabric-models-v0 0.4.2+9386d8a777
	   |-- fabric-networking-api-v1 1.3.11+1802ada577
	   |-- fabric-networking-v0 0.3.51+df3654b377
	   |-- fabric-object-builder-api-v1 11.1.3+1802ada577
	   |-- fabric-particles-v1 1.1.2+1802ada577
	   |-- fabric-recipe-api-v1 1.0.21+1802ada577
	   |-- fabric-registry-sync-v0 2.3.3+1802ada577
	   |-- fabric-renderer-api-v1 3.2.1+1802ada577
	   |-- fabric-renderer-indigo 1.5.1+1802ada577
	   |-- fabric-renderer-registries-v1 3.2.46+df3654b377
	   |-- fabric-rendering-data-attachment-v1 0.3.37+92a0d36777
	   |-- fabric-rendering-fluids-v1 3.0.28+1802ada577
	   |-- fabric-rendering-v0 1.1.49+df3654b377
	   |-- fabric-rendering-v1 3.0.8+1802ada577
	   |-- fabric-resource-conditions-api-v1 2.3.8+1802ada577
	   |-- fabric-resource-loader-v0 0.11.10+1802ada577
	   |-- fabric-screen-api-v1 2.0.8+1802ada577
	   |-- fabric-screen-handler-api-v1 1.3.30+1802ada577
	   |-- fabric-sound-api-v1 1.0.13+1802ada577
	   |-- fabric-transfer-api-v1 3.3.5+8dd72ea377
	   \-- fabric-transitive-access-wideners-v1 4.3.1+1802ada577
	- fabric-language-kotlin 1.10.19+kotlin.1.9.23
	   |-- org_jetbrains_kotlin_kotlin-reflect 1.9.23
	   |-- org_jetbrains_kotlin_kotlin-stdlib 1.9.23
	   |-- org_jetbrains_kotlin_kotlin-stdlib-jdk7 1.9.23
	   |-- org_jetbrains_kotlin_kotlin-stdlib-jdk8 1.9.23
	   |-- org_jetbrains_kotlinx_atomicfu-jvm 0.23.2
	   |-- org_jetbrains_kotlinx_kotlinx-coroutines-core-jvm 1.8.0
	   |-- org_jetbrains_kotlinx_kotlinx-coroutines-jdk8 1.8.0
	   |-- org_jetbrains_kotlinx_kotlinx-datetime-jvm 0.5.0
	   |-- org_jetbrains_kotlinx_kotlinx-serialization-cbor-jvm 1.6.3
	   |-- org_jetbrains_kotlinx_kotlinx-serialization-core-jvm 1.6.3
	   \-- org_jetbrains_kotlinx_kotlinx-serialization-json-jvm 1.6.3
	- fabricloader 0.15.7+local
	- fancymenu 3.1.4
	   |-- com_github_keksuccino_japng 0.5.3
	   |-- com_github_rtyley_animated-gif-lib-for-java animated-gif-lib-1.7
	   \-- mixinextras 0.3.2
	- forgeconfigapiport 8.0.0
	- iris 1.7.0+mc1.20.1
	   |-- fabric-api-base 0.4.31+1802ada577
	   |-- fabric-key-binding-api-v1 1.0.37+1802ada577
	   |-- io_github_douira_glsl-transformer 2.0.0-pre13
	   |-- org_anarres_jcpp 1.4.14
	   \-- org_antlr_antlr4-runtime 4.11.1
	- java 17
	- jei 15.3.0.4
	- journeymap 5.9.21
	   \-- journeymap-api-fabric 1.20-1.9-fabric-SNAPSHOT
	- konkrete 1.8.1
	   \-- mixinextras 0.3.2
	- litematica 0.15.3
	- malilib 0.16.3
	   \-- fabric-resource-loader-v0 0.11.7+f7923f6d77
	- mapfrontiers 2.6.0
	   \-- commonnetworking 1.0.2-1.20.1
	- melody 1.0.3
	- minecraft 1.20.1
	- mixin-conflict-helper 1.2.0
	- modernui 3.10.1.4
	   |-- com_github_ben-manes_caffeine_caffeine 3.1.7
	   |-- com_vladsch_flexmark_flexmark 0.64.8
	   |-- com_vladsch_flexmark_flexmark-util-ast 0.64.8
	   |-- com_vladsch_flexmark_flexmark-util-builder 0.64.8
	   |-- com_vladsch_flexmark_flexmark-util-collection 0.64.8
	   |-- com_vladsch_flexmark_flexmark-util-data 0.64.8
	   |-- com_vladsch_flexmark_flexmark-util-dependency 0.64.8
	   |-- com_vladsch_flexmark_flexmark-util-format 0.64.8
	   |-- com_vladsch_flexmark_flexmark-util-html 0.64.8
	   |-- com_vladsch_flexmark_flexmark-util-misc 0.64.8
	   |-- com_vladsch_flexmark_flexmark-util-sequence 0.64.8
	   \-- com_vladsch_flexmark_flexmark-util-visitor 0.64.8
	- modmenu 7.2.2
	   |-- fabric-api-base 0.4.29+b04edc7a77
	   |-- fabric-key-binding-api-v1 1.0.36+fb8d95da77
	   |-- fabric-lifecycle-events-v1 2.2.20+b3afc78b77
	   |-- fabric-resource-loader-v0 0.11.7+f7923f6d77
	   \-- fabric-screen-api-v1 2.0.6+b3afc78b77
	- netherportalfix 13.0.1
	- player-search 1.0.0+1.20
	   |-- clientarguments 1.5.1
	   |-- com_googlecode_json-simple_json-simple 1.1.1
	   \-- com_konghq_unirest-java_standalone 3.11.9
	- puzzleslib 8.1.18
	   \-- puzzlesaccessapi 8.0.7
	- reeses-sodium-options 1.7.2+mc1.20.1-build.101
	- replaymod 1.20.1-2.6.15
	   |-- fabric-api-base 0.4.29+b04edc7a77
	   |-- fabric-key-binding-api-v1 1.0.36+fb8d95da77
	   |-- fabric-networking-api-v1 1.3.8+b3afc78b77
	   |-- fabric-resource-loader-v0 0.11.7+f7923f6d77
	   \-- fabric-screen-api-v1 2.0.6+b3afc78b77
	- searchables 1.0.2
	- showmeyourskin 1.9.0+1.20
	   |-- cardinal-components-base 5.2.1
	   \-- cardinal-components-entity 5.2.1
	- skinshuffle 1.0.1+1.20
	   |-- com_konghq_unirest-java_standalone 3.11.9
	   |-- commons-validator_commons-validator 1.7
	   |-- org_jsoup_jsoup 1.16.1
	   |-- org_mineskin_java-client 1.2.4-SNAPSHOT
	   |-- spruceui 5.0.0+1.20
	   \-- yet_another_config_lib_v3 3.0.1+1.20
	        |-- com_twelvemonkeys_common_common-image 3.9.4
	        |-- com_twelvemonkeys_common_common-io 3.9.4
	        |-- com_twelvemonkeys_common_common-lang 3.9.4
	        |-- com_twelvemonkeys_imageio_imageio-core 3.9.4
	        |-- com_twelvemonkeys_imageio_imageio-metadata 3.9.4
	        \-- com_twelvemonkeys_imageio_imageio-webp 3.9.4
	- sodium 0.5.8+mc1.20.1
	   |-- fabric-api-base 0.4.30+7abfd51577
	   |-- fabric-block-view-api-v2 1.0.0+92a0d36777
	   |-- fabric-rendering-data-attachment-v1 0.3.36+92a0d36777
	   |-- fabric-rendering-fluids-v1 3.0.27+b3afc78b77
	   \-- fabric-resource-loader-v0 0.11.9+132c48c177
	- sodium-extra 0.5.4+mc1.20.1-build.115
	   |-- caffeineconfig 1.3.0+1.17
	   \-- crowdin-translate 1.4+1.19.3
	- textutilities 1.6.1+1.20.1
	- uiutils 1.3.2
	- viafabricplus 2.8.7
	   |-- com_github_llamalad7_mixinextras 0.2.0
	   \-- net_lenni0451_reflect 1.2.4
	- worldtools 1.2.4
	- yet_another_config_lib_v3 3.4.0+1.20.1-fabric
	   |-- com_twelvemonkeys_common_common-image 3.10.0
	   |-- com_twelvemonkeys_common_common-io 3.10.0
	   |-- com_twelvemonkeys_common_common-lang 3.10.0
	   |-- com_twelvemonkeys_imageio_imageio-core 3.10.0
	   |-- com_twelvemonkeys_imageio_imageio-metadata 3.10.0
	   |-- com_twelvemonkeys_imageio_imageio-webp 3.10.0
	   |-- org_quiltmc_parsers_gson 0.2.1
	   \-- org_quiltmc_parsers_json 0.2.1
	- zoomify 2.11.2
	   |-- com_akuleshov7_ktoml-core-jvm 0.4.1
	   |-- com_github_llamalad7_mixinextras 0.2.0-beta.9
	   |-- dev_isxander_settxi_settxi-core 2.10.6
	   \-- dev_isxander_settxi_settxi-kotlinx-serialization 2.10.6
[08:26:41] [main/INFO]: SpongePowered MIXIN Subsystem Version=0.8.5 Source=file:/C:/Users/Kaili/AppData/Roaming/MultiMC/libraries/dev/boze/sponge-mixin/1.0.2/sponge-mixin-1.0.2.jar Service=Knot/Fabric Env=CLIENT
[08:26:41] [main/INFO]: Compatibility level set to JAVA_17
[08:26:41] [main/WARN]: Reference map 'clientarguments-refmap.json' for clientarguments.mixins.json could not be read. If this is a development environment you can ignore this message
[08:26:41] [main/INFO]: Iris API installed...
[08:26:41] [main/WARN]: Reference map 'mixins.nonmmlauncher.replaymod.refmap.json' for mixins.nonmmlauncher.replaymod.json could not be read. If this is a development environment you can ignore this message
[08:26:41] [main/INFO]: Loaded configuration file for Sodium: 42 options available, 3 override(s) found
[08:26:41] [main/INFO]: Loaded configuration file for Sodium Extra: 34 options available, 0 override(s) found
[08:26:44] [main/WARN]: Force-disabling mixin 'features.render.entity.CuboidMixin' as rule 'mixin.features.render.entity' (added by mods [iris]) disables it and children
[08:26:44] [main/WARN]: Force-disabling mixin 'features.render.entity.ModelPartMixin' as rule 'mixin.features.render.entity' (added by mods [iris]) disables it and children
[08:26:44] [main/WARN]: Force-disabling mixin 'features.render.entity.cull.EntityRendererMixin' as rule 'mixin.features.render.entity' (added by mods [iris]) disables it and children
[08:26:44] [main/WARN]: Force-disabling mixin 'features.render.entity.shadows.EntityRenderDispatcherMixin' as rule 'mixin.features.render.entity' (added by mods [iris]) disables it and children
[08:26:44] [main/WARN]: Force-disabling mixin 'features.render.gui.font.GlyphRendererMixin' as rule 'mixin.features.render.gui.font' (added by mods [iris]) disables it and children
[08:26:44] [main/WARN]: Force-disabling mixin 'features.render.world.sky.BackgroundRendererMixin' as rule 'mixin.features.render.world.sky' (added by mods [iris]) disables it and children
[08:26:44] [main/WARN]: Force-disabling mixin 'features.render.world.sky.ClientWorldMixin' as rule 'mixin.features.render.world.sky' (added by mods [iris]) disables it and children
[08:26:44] [main/WARN]: Force-disabling mixin 'features.render.world.sky.WorldRendererMixin' as rule 'mixin.features.render.world.sky' (added by mods [iris]) disables it and children
[08:26:44] [main/WARN]: Error loading class: org/anti_ad/mc/ipnext/event/AutoRefillHandler$ItemSlotMonitor (java.lang.ClassNotFoundException: org/anti_ad/mc/ipnext/event/AutoRefillHandler$ItemSlotMonitor)
[08:26:44] [main/WARN]: Error loading class: me/jellysquid/mods/sodium/client/render/chunk/ChunkTracker (java.lang.ClassNotFoundException: me/jellysquid/mods/sodium/client/render/chunk/ChunkTracker)
[08:26:45] [main/WARN]: Error loading class: org/jetbrains/annotations/ApiStatus$Internal (java.lang.ClassNotFoundException: org/jetbrains/annotations/ApiStatus$Internal)
[08:26:45] [main/INFO]: Starting Log4j reconfiguration.
[08:26:45] [main/WARN]: Error loading class: net/optifine/render/ChunkVisibility (java.lang.ClassNotFoundException: net/optifine/render/ChunkVisibility)
[08:26:45] [main/WARN]: Error loading class: shadersmod/client/ShadersRender (java.lang.ClassNotFoundException: shadersmod/client/ShadersRender)
[08:26:45] [main/WARN]: Error loading class: net/optifine/shaders/ShadersRender (java.lang.ClassNotFoundException: net/optifine/shaders/ShadersRender)
[08:26:45] [main/WARN]: Error loading class: net/coderbot/iris/uniforms/CommonUniforms (java.lang.ClassNotFoundException: net/coderbot/iris/uniforms/CommonUniforms)
[08:26:45] [main/WARN]: Error loading class: net/coderbot/iris/Iris (java.lang.ClassNotFoundException: net/coderbot/iris/Iris)
[08:26:45] [main/WARN]: Error loading class: net/coderbot/iris/pipeline/HandRenderer (java.lang.ClassNotFoundException: net/coderbot/iris/pipeline/HandRenderer)
[08:26:45] [main/INFO] (Better Log4j Config) Finished Log4j reconfiguration.
[08:26:45] [main/INFO] (Sodium-GraphicsAdapterProbe) Searching for graphics cards...
[08:26:46] [main/INFO] (Sodium-GraphicsAdapterProbe) Found graphics card: GraphicsAdapterInfo[vendor=UNKNOWN, name=Virtual Desktop Monitor, version=DriverVersion=10.54.50.446]
[08:26:46] [main/INFO] (Sodium-GraphicsAdapterProbe) Found graphics card: GraphicsAdapterInfo[vendor=INTEL, name=Intel(R) UHD Graphics, version=DriverVersion=31.0.101.4314]
[08:26:46] [main/INFO] (Sodium-GraphicsAdapterProbe) Found graphics card: GraphicsAdapterInfo[vendor=UNKNOWN, name=SMI USB Display, version=DriverVersion=2.19.2.0]
[08:26:46] [main/INFO] (Sodium-GraphicsAdapterProbe) Found graphics card: GraphicsAdapterInfo[vendor=NVIDIA, name=NVIDIA GeForce RTX 4050 Laptop GPU, version=DriverVersion=31.0.15.5212]
[08:26:46] [main/WARN] (Sodium-Workarounds) Sodium has applied one or more workarounds to prevent crashes or other issues on your system: [NVIDIA_THREADED_OPTIMIZATIONS]
[08:26:46] [main/WARN] (Sodium-Workarounds) This is not necessarily an issue, but it may result in certain features or optimizations being disabled. You can sometimes fix these issues by upgrading your graphics driver.
[08:26:46] [main/INFO] (FabricLoader/MixinExtras|Service) Initializing MixinExtras via com.llamalad7.mixinextras.service.MixinExtrasServiceImpl(version=0.3.2).
[08:26:47] [main/WARN] (ViaFabricPlus) No Bedrock account could be found
[08:26:49] [Via-Mappingloader-0/INFO] (ViaVersion) Loading block connection mappings ...
[08:26:49] [Via-Mappingloader-0/INFO] (ViaVersion) Using FastUtil Long2ObjectOpenHashMap for block connections
[08:26:50] [main/INFO] (ViaBackwards) Loading translations...
[08:26:50] [main/INFO] (ViaBackwards) Registering protocols...
[08:26:52] [main/INFO] (ViaBedrock) Started resource pack HTTP server on http://127.0.0.1:62599/
[08:26:52] [main/INFO] (ViaVersion) ViaVersion detected lowest supported version by the proxy: 1.7.2-1.7.5 (4)
[08:26:52] [main/INFO] (ViaVersion) Highest supported version by the proxy: 23w41a (765)
[08:26:53] [main/INFO] (Minecraft) Environment: authHost='https://authserver.mojang.com', accountsHost='https://api.mojang.com', sessionHost='https://sessionserver.mojang.com', servicesHost='https://api.minecraftservices.com', name='PROD'
[08:27:01] [Via Async Scheduler 0/INFO] (ViaVersion) Finished mapping loading, shutting down loader executor!
[08:27:02] [main/INFO] (FabricLoader/Mixin) boze.mixins.json:MinecraftClientAccessor from mod (unknown)->@Accessor[FIELD_GETTER]::getCurrentFps()I should be static as its target is
[08:27:07] [Datafixer Bootstrap/INFO] (Minecraft) 188 Datafixer optimizations took 1764 milliseconds
[08:27:11] [Render thread/INFO] (Minecraft) Environment: authHost='https://authserver.mojang.com', accountsHost='https://api.mojang.com', sessionHost='https://sessionserver.mojang.com', servicesHost='https://api.minecraftservices.com', name='PROD'
[08:27:12] [Render thread/INFO] (Minecraft) Setting user: Teinyx
[08:27:12] [Cicada thread 0/INFO] (showmeyourskin) [showmeyourskin] Getting ready to take over the world!
[08:27:12] [Render thread/INFO] (FancyMenu) [FANCYMENU] Loading v3.1.4 in client-side mode on FABRIC!
[08:27:14] [Render thread/WARN] (FabricLoader/Mixin) @Redirect conflict. Skipping boze.mixins.json:ClientPlayNetworkHandlerMixin from mod (unknown)->@Redirect::redirectNoChatWarning(Lnet/minecraft/class_7495;)Z with priority 2, already redirected by viafabricplus.mixins.json:fixes.minecraft.MixinClientPlayNetworkHandler from mod viafabricplus->@Redirect::removeSecureChatWarning(Lnet/minecraft/class_7495;)Z with priority 1000
[08:27:14] [Render thread/INFO] (journeymap) Initializing ServerSide Packet Registries
[08:27:14] [Render thread/INFO] (Konkrete) [KONKRETE] Successfully initialized!
[08:27:14] [Render thread/INFO] (Konkrete) [KONKRETE] Server-side libs ready to use!
[08:27:14] [Render thread/INFO] (MapFrontiers) PacketHandler init done
[08:27:14] [Render thread/INFO] (MapFrontiers) Fabric onInitialize done
[08:27:14] [Render thread/INFO] (Melody) [MELODY] Loading Melody background audio library..
[08:27:14] [Render thread/WARN] (ModernUI) Signature is missing
[08:27:14] [Render thread/INFO] (ModernUI) Modern UI common config loaded/reloaded
[08:27:14] [Render thread/INFO] (ModernUI) Initialized Modern UI
[08:27:14] [Render thread/INFO] (Puzzles Lib) Constructing common components for puzzleslib:main
[08:27:14] [Render thread/INFO] (betteradvancements) Loaded
[08:27:14] [Render thread/ERROR] (betteradvancements) java.io.FileNotFoundException: C:\Users\Kaili\AppData\Roaming\MultiMC\instances\2b2t-MultiMC-Config-main\.minecraft\config\betteradvancements.json (The system cannot find the file specified)
[08:27:14] [Render thread/INFO] (betterstats) Initializing 'Better Statistics Screen' as 'BetterStatsClient'.
[08:27:14] [Render thread/INFO] (tcdcommons) Loaded 'BetterStatsConfig' config from 'betterstats.json'.
[08:27:16] [Render thread/INFO] (Capes) Trying to read config file...
[08:27:16] [Render thread/INFO] (Capes) A config file was found, loading it..
[08:27:16] [Render thread/INFO] (Capes) Successfully loaded config file.
[08:27:16] [Render thread/INFO] (ChatNotify) ChatNotify: Loading config from file...
[08:27:16] [Render thread/INFO] (ChatNotify) ChatNotify: Saving config to file...
[08:27:16] [Render thread/INFO] (ChatNotify) ChatNotify: Configuration saved in 7 ms
[08:27:16] [Render thread/INFO] (ChatNotify) ChatNotify: Configuration loaded in 14 ms
[08:27:16] [Render thread/INFO] (Indigo) [Indigo] Different rendering plugin detected; not applying Indigo.
[08:27:16] [Render thread/INFO] (PluginCaller) Sending ConfigManager...
[08:27:16] [Render thread/INFO] (PluginCaller) Sending ConfigManager took 2.397 ms
[08:27:16] [Render thread/INFO] (MapFrontiers) PacketHandler init done
[08:27:16] [Render thread/INFO] (MapFrontiers) Fabric onInitializeClient done
[08:27:16] [Render thread/INFO] (ModernUI) Modern UI client config loaded/reloaded
[08:27:16] [Render thread/INFO] (ModernUI) Modern UI text config loaded/reloaded
[08:27:16] [Render thread/INFO] (ModernUI) Created TextLayoutEngine
[08:27:16] [Render thread/INFO] (ModernUI) Created MuiFabricApi
[08:27:16] [Render thread/INFO] (ModernUI) Initialized Modern UI text engine
[08:27:16] [Render thread/INFO] (ModernUI) Initialized Modern UI client
[08:27:16] [Worker-Main-1/INFO] (Mod Menu/Update Checker) Checking mod updates...
[08:27:16] [Render thread/INFO] (Puzzles Lib) Constructing client components for puzzleslib:main
[08:27:17] [Render thread/WARN] (FabricLoader/Mixin) @Redirect conflict. Skipping boze.mixins.json:PlayerEntityRendererMixin from mod (unknown)->@Redirect::onIsInSneakingPose(Lnet/minecraft/class_742;)Z with priority 2, already redirected by viafabricplus.mixins.json:fixes.minecraft.MixinPlayerEntityRenderer from mod viafabricplus->@Redirect::redirectGetPositionOffset(Lnet/minecraft/class_742;)Z with priority 1000
[08:27:17] [Render thread/INFO] (YetAnotherConfigLib) Loading SkinShuffleConfig...
[08:27:17] [Render thread/INFO] (YetAnotherConfigLib) Saving SkinShuffleConfig...
[08:27:17] [Render thread/INFO] (tcdcommons) Initializing 'TCD Commons API' 3.9.6+fabric-1.20.1 as 'TCDCommonsClient'.
[08:27:17] [Render thread/INFO] (WorldTools) Initializing WorldTools 1.2.4
[08:27:17] [Render thread/INFO] (WorldTools) WorldTools Fabric initialized
[08:27:17] [Worker-Main-1/INFO] (Mod Menu/Update Checker) Update available for 'csearcher@0.1.8+mc1.20', (-> 0.2.1+mc1.20.1)
[08:27:17] [Worker-Main-1/INFO] (Mod Menu/Update Checker) Update available for 'searchables@1.0.2', (-> 1.0.3)
[08:27:17] [Worker-Main-1/INFO] (Mod Menu/Update Checker) Update available for 'chatnotify@1.2.0', (-> 1.3.0-pre.2)
[08:27:17] [Worker-Main-1/INFO] (Mod Menu/Update Checker) Update available for 'yet_another_config_lib_v3@3.4.0+1.20.1-fabric', (-> 3.4.1+1.20.1-fabric)
[08:27:17] [Render thread/INFO] (YetAnotherConfigLib) Deserializing YACLConfig from 'C:\Users\Kaili\AppData\Roaming\MultiMC\instances\2b2t-MultiMC-Config-main\.minecraft\config\yacl.json5'
[08:27:18] [ForkJoinPool.commonPool-worker-1/WARN] (Iris) [Iris Update Check] Cached update file detected, using that!
[08:27:18] [Render thread/WARN] (FabricLoader) FileSystem for viafabricplus 2.8.7 has been closed unexpectedly, existing root path references may break!
[08:27:18] [Render thread/INFO] (Minecraft) Backend library: LWJGL version 3.3.1 SNAPSHOT
[08:27:19] [Render thread/INFO] (ModernUI) Promoted to OpenGL 4.6 Core Profile
[08:27:19] [Render thread/WARN] (Sodium-NvidiaWorkarounds) Applying workaround: Prevent the NVIDIA OpenGL driver from using broken optimizations (NVIDIA_THREADED_OPTIMIZATIONS)
[08:27:19] [Render thread/INFO] (Sodium-PostlaunchChecks) OpenGL Vendor: NVIDIA Corporation
[08:27:19] [Render thread/INFO] (Sodium-PostlaunchChecks) OpenGL Renderer: NVIDIA GeForce RTX 4050 Laptop GPU/PCIe/SSE2
[08:27:19] [Render thread/INFO] (Sodium-PostlaunchChecks) OpenGL Version: 4.6.0 NVIDIA 552.12
[08:27:20] [Render thread/INFO] (ModernUI) OpenGL vendor: NVIDIA Corporation
[08:27:20] [Render thread/INFO] (ModernUI) OpenGL renderer: NVIDIA GeForce RTX 4050 Laptop GPU/PCIe/SSE2
[08:27:20] [Render thread/INFO] (ModernUI) OpenGL version: 4.6.0 NVIDIA 552.12
[08:27:20] [Render thread/INFO] (ModernUI) UI manager initialized
[08:27:20] [Render thread/INFO] (Iris) Debug functionality is disabled.
[08:27:20] [Render thread/INFO] (Iris) OpenGL 4.5 detected, enabling DSA.
[08:27:20] [Render thread/INFO] (Iris) Shaders are disabled because no valid shaderpack is selected
[08:27:20] [Render thread/INFO] (Iris) Shaders are disabled
[08:27:22] [UI thread/INFO] (ModernUI) UI thread initialized in 1328ms
[08:27:22] [Render thread/INFO] (Iris) Hardware information:
[08:27:22] [Render thread/INFO] (Iris) CPU: 16x 13th Gen Intel(R) Core(TM) i7-13620H
[08:27:22] [Render thread/INFO] (Iris) GPU: NVIDIA GeForce RTX 4050 Laptop GPU/PCIe/SSE2 (Supports OpenGL 4.6.0 NVIDIA 552.12)
[08:27:22] [Render thread/INFO] (Iris) OS: Windows 11 (10.0)
[08:27:22] [Render thread/WARN] (FabricLoader/Mixin) @Redirect conflict. Skipping boze.mixins.json:ParticleManagerMixin from mod (unknown)->@Redirect::onBuildGeometry(Lnet/minecraft/class_703;Lnet/minecraft/class_4588;Lnet/minecraft/class_4184;F)V with priority 2, already redirected by mixins.render.replaymod.json:MixinParticleManager from mod (unknown)->@Redirect::buildOrientedGeometry(Lnet/minecraft/class_703;Lnet/minecraft/class_4588;Lnet/minecraft/class_4184;F)V with priority 1000
[08:27:22] [Render thread/INFO] (Minecraft) [FANCYMENU] Registering resource reload listener..
[08:27:25] [Render thread/INFO] (ModernUI) Preloaded modern text shaders
[08:27:25] [Render thread/INFO] (ScreenCustomizationLayerHandler) [FANCYMENU] Minecraft resource reload: STARTING
[08:27:25] [Render thread/INFO] (Minecraft) Reloading ResourceManager: vanilla, fabric (appleskin, balm-fabric, better_log4j_config, betteradvancements, betterhiddenchat, betterstats, betterthirdperson, bookcopy, caffeineconfig, capes, cardinal-components-base, cardinal-components-entity, chatnotify, cicada, cleardespawn, cloth-config, cmdkeybind, controlling, csearcher, fabric-api, fabric-api-base, fabric-api-lookup-api-v1, fabric-biome-api-v1, fabric-block-api-v1, fabric-block-view-api-v2, fabric-blockrenderlayer-v1, fabric-client-tags-api-v1, fabric-command-api-v1, fabric-command-api-v2, fabric-commands-v0, fabric-containers-v0, fabric-content-registries-v0, fabric-convention-tags-v1, fabric-crash-report-info-v1, fabric-data-attachment-api-v1, fabric-data-generation-api-v1, fabric-dimensions-v1, fabric-entity-events-v1, fabric-events-interaction-v0, fabric-events-lifecycle-v0, fabric-game-rule-api-v1, fabric-item-api-v1, fabric-item-group-api-v1, fabric-key-binding-api-v1, fabric-keybindings-v0, fabric-language-kotlin, fabric-lifecycle-events-v1, fabric-loot-api-v2, fabric-loot-tables-v1, fabric-message-api-v1, fabric-mining-level-api-v1, fabric-model-loading-api-v1, fabric-models-v0, fabric-networking-api-v1, fabric-networking-v0, fabric-object-builder-api-v1, fabric-particles-v1, fabric-recipe-api-v1, fabric-registry-sync-v0, fabric-renderer-api-v1, fabric-renderer-indigo, fabric-renderer-registries-v1, fabric-rendering-data-attachment-v1, fabric-rendering-fluids-v1, fabric-rendering-v0, fabric-rendering-v1, fabric-resource-conditions-api-v1, fabric-resource-loader-v0, fabric-screen-api-v1, fabric-screen-handler-api-v1, fabric-sound-api-v1, fabric-transfer-api-v1, fabric-transitive-access-wideners-v1, fabricloader, fancymenu, forgeconfigapiport, iris, jei, journeymap, konkrete, kyrptconfig, litematica, malilib, mapfrontiers, modernui, modmenu, netherportalfix, player-search, reeses-sodium-options, replaymod, searchables, showmeyourskin, skinshuffle, sodium, sodium-extra, spruceui, tcdcommons, textutilities, uiutils, viafabricplus, worldtools, yet_another_config_lib_v3, zoomify), replaymod_lang
[08:27:25] [Worker-Main-11/INFO] (ModernUI) Scanned emoji shortcodes: 6708
[08:27:25] [Render thread/ERROR] (Minecraft) Invalid path : Invalid path ''
[08:27:25] [Render thread/ERROR] (Minecraft) Invalid path : Invalid path ''
[08:27:25] [Worker-Main-3/INFO] (ModernUI) Scanned emoji map size: 3574
[08:27:25] [Render thread/INFO] (AnimationHandler) [FANCYMENU] Preloading animations! This could cause the loading screen to freeze for a while..
[08:27:25] [Render thread/INFO] (AnimationHandler) [FANCYMENU] Finished preloading animations!
[08:27:25] [Render thread/INFO] (FancyMenu) [FANCYMENU] Starting late client initialization phase..
[08:27:25] [Render thread/INFO] (Konkrete) [KONKRETE] Client-side libs ready to use!
[08:27:25] [Render thread/INFO] (ScreenCustomizationLayerHandler) [FANCYMENU] ScreenCustomizationLayer registered: title_screen
[08:27:25] [Render thread/INFO] (ModernUI) Redirect registered font 'JetBrains Mono Medium' to 'modernui:jetbrains-mono-medium'
[08:27:25] [Render thread/INFO] (ModernUI) Registered font 'JetBrains Mono Medium', location 'modernui:font/jetbrains-mono-medium.ttf' in pack: 'fabric'
[08:27:25] [Render thread/INFO] (ModernUI) Redirect registered font 'mui-i18n-compat' to 'modernui:mui-i18n-compat'
[08:27:25] [Render thread/INFO] (ModernUI) Registered font 'mui-i18n-compat', location 'modernui:font/muii18ncompat/muii18ncompat.ttf' in pack: 'fabric'
[08:27:25] [Render thread/INFO] (ModernUI) Redirect registered font 'Source Han Sans CN Medium' to 'modernui:source-han-sans-cn-medium'
[08:27:25] [Render thread/INFO] (ModernUI) Registered font 'Source Han Sans CN Medium', location 'modernui:font/source-han-sans-cn-medium.otf' in pack: 'fabric'
[08:27:25] [Render thread/INFO] (ModernUI) Font 'Noto Sans' failed to load or invalid
[08:27:25] [Render thread/INFO] (ModernUI) Font 'San Francisco' failed to load or invalid
[08:27:25] [Render thread/INFO] (ModernUI) Font 'Open Sans' failed to load or invalid
[08:27:25] [Render thread/INFO] (ModernUI) Font 'STHeiti' failed to load or invalid
[08:27:25] [Render thread/INFO] (ModernUI) Loaded typeface: FontCollection{mFamilies=[Source Han Sans CN Medium, Segoe UI Variable, Segoe UI, SimHei, Segoe UI Symbol, mui-i18n-compat], mExclusiveEastAsianBits=null}
[08:27:25] [Worker-Main-10/INFO] (ModernUI) Loaded raw font 'minecraft:alt' in pack: 'vanilla'
[08:27:25] [Worker-Main-10/INFO] (ModernUI) Loaded raw font bundle: 'minecraft:font/alt.json', font set: [minecraft:include/space,minecraft:font/ascii_sga.png]
[08:27:25] [Worker-Main-10/INFO] (ModernUI) Loaded raw font 'minecraft:default' in pack: 'vanilla'
[08:27:25] [Worker-Main-10/INFO] (ModernUI) Loaded raw font bundle: 'minecraft:font/default.json', font set: [minecraft:include/space,minecraft:include/default]
[08:27:25] [Worker-Main-10/INFO] (ModernUI) Loaded raw font 'minecraft:illageralt' in pack: 'vanilla'
[08:27:25] [Worker-Main-10/INFO] (ModernUI) Loaded raw font bundle: 'minecraft:font/illageralt.json', font set: [minecraft:include/space,minecraft:font/asciillager.png]
[08:27:26] [Worker-Main-10/INFO] (ModernUI) Loaded raw font 'minecraft:include/default' in pack: 'vanilla'
[08:27:26] [Worker-Main-10/INFO] (ModernUI) Loaded raw font bundle: 'minecraft:font/include/default.json', font set: [minecraft:font/nonlatin_european.png,minecraft:font/accented.png,minecraft:font/ascii.png]
[08:27:26] [Worker-Main-10/INFO] (ModernUI) Loaded raw font 'minecraft:include/space' in pack: 'vanilla'
[08:27:26] [Worker-Main-10/INFO] (ModernUI) Loaded raw font bundle: 'minecraft:font/include/space.json', font set: [minecraft:include/space / minecraft:space]
[08:27:26] [Worker-Main-10/INFO] (ModernUI) Loaded font: 'minecraft:include/space', font set: [minecraft:include/space / minecraft:space]
[08:27:26] [Worker-Main-10/INFO] (ModernUI) Loaded font: 'minecraft:include/default', font set: [minecraft:font/nonlatin_european.png,minecraft:font/accented.png,minecraft:font/ascii.png]
[08:27:26] [Worker-Main-10/INFO] (ModernUI) Loaded font: 'minecraft:default', font set: [minecraft:include/space / minecraft:space,minecraft:font/nonlatin_european.png,minecraft:font/accented.png,minecraft:font/ascii.png]
[08:27:26] [Worker-Main-10/INFO] (ModernUI) Loaded font: 'minecraft:illageralt', font set: [minecraft:include/space / minecraft:space,minecraft:font/asciillager.png]
[08:27:26] [Worker-Main-10/INFO] (ModernUI) Loaded font: 'minecraft:alt', font set: [minecraft:include/space / minecraft:space,minecraft:font/ascii_sga.png]
[08:27:26] [Render thread/INFO] (Boze) Initializing Boze
[08:27:29] [Render thread/INFO] (Boze) Initialized Boze
[08:27:29] [Render thread/INFO] (journeymap) Initializing ClientSide Packet Registries
[08:27:29] [Render thread/INFO] (journeymap) Found @IClientPlugin: games.alejandrocoria.mapfrontiers.client.plugin.MapFrontiersPlugin
[08:27:30] [Render thread/INFO] (ModernUI) Loaded OpenGL canvas shaders, compatibility mode: false
[08:27:30] [Render thread/INFO] (ModernUI) UI renderer initialized
[08:27:30] [Render thread/WARN] (FabricLoader/Mixin) Method overwrite conflict for getChunks in boze.mixins.json:ClientChunkMapAccessor from mod (unknown), previously written by baritone.launch.mixins.MixinChunkArray. Skipping method.
[08:27:30] [Render thread/INFO] (ModernUI) Loaded smart SDF text shaders
[08:27:30] [Render thread/INFO] (ModernUI) Reloaded text layout engine, res level: 2 to 2, locale: en_US, layout RTL: false
[08:27:30] [Render thread/WARN] (Minecraft) Missing sound for event: minecraft:item.goat_horn.play
[08:27:30] [Render thread/WARN] (Minecraft) Missing sound for event: minecraft:entity.goat.screaming.horn_break
[08:27:31] [Render thread/INFO] (Minecraft) OpenAL initialized on device OpenAL Soft on Speakers (Realtek(R) Audio)
[08:27:31] [Render thread/INFO] (Minecraft) Sound engine started
[08:27:31] [Render thread/INFO] (Minecraft) [FANCYMENU] Reloading AudioResourceHandler after Minecraft SoundEngine reload..
[08:27:31] [Render thread/INFO] (ModernUI) Font 'Noto Sans' failed to load or invalid
[08:27:31] [Render thread/INFO] (ModernUI) Font 'San Francisco' failed to load or invalid
[08:27:31] [Render thread/INFO] (ModernUI) Font 'Open Sans' failed to load or invalid
[08:27:31] [Render thread/INFO] (ModernUI) Font 'STHeiti' failed to load or invalid
[08:27:31] [Render thread/INFO] (ModernUI) Reloaded typeface: FontCollection{mFamilies=[Google Noto Color Emoji, Source Han Sans CN Medium, Segoe UI Variable, Segoe UI, SimHei, Segoe UI Symbol, mui-i18n-compat], mExclusiveEastAsianBits=null}
[08:27:31] [Render thread/INFO] (ModernUI) Reloaded glyph manager
[08:27:31] [Render thread/INFO] (ModernUI) Reloaded text layout engine, res level: 2 to 2, locale: en_US, layout RTL: false
[08:27:31] [Render thread/INFO] (Minecraft) Created: 1024x512x4 minecraft:textures/atlas/blocks.png-atlas
[08:27:31] [Render thread/INFO] (Minecraft) Created: 256x256x4 minecraft:textures/atlas/signs.png-atlas
[08:27:31] [Render thread/INFO] (Minecraft) Created: 512x512x4 minecraft:textures/atlas/shield_patterns.png-atlas
[08:27:31] [Render thread/INFO] (Minecraft) Created: 512x512x4 minecraft:textures/atlas/banner_patterns.png-atlas
[08:27:31] [Render thread/INFO] (Minecraft) Created: 1024x1024x4 minecraft:textures/atlas/armor_trims.png-atlas
[08:27:31] [Render thread/INFO] (Minecraft) Created: 128x64x4 minecraft:textures/atlas/decorated_pot.png-atlas
[08:27:31] [Render thread/INFO] (Minecraft) Created: 256x256x4 minecraft:textures/atlas/chest.png-atlas
[08:27:31] [Render thread/INFO] (Minecraft) Created: 512x256x4 minecraft:textures/atlas/beds.png-atlas
[08:27:31] [Render thread/INFO] (Minecraft) Created: 512x256x4 minecraft:textures/atlas/shulker_boxes.png-atlas
[08:27:31] [Render thread/WARN] (Minecraft) Shader rendertype_entity_translucent_emissive could not find sampler named Sampler2 in the specified shader program.
[08:27:31] [Render thread/INFO] (Minecraft) Created: 256x256x0 minecraft:textures/atlas/particles.png-atlas
[08:27:31] [Render thread/INFO] (Minecraft) Created: 256x256x0 minecraft:textures/atlas/paintings.png-atlas
[08:27:31] [Render thread/INFO] (Minecraft) Created: 128x128x0 minecraft:textures/atlas/mob_effects.png-atlas
[08:27:31] [Render thread/INFO] (ResourceHandlers) [FANCYMENU] Reloading resources..
[08:27:31] [Render thread/INFO] (ResourcePreLoader) [FANCYMENU] Pre-loading resources..
[08:27:31] [Render thread/INFO] (Minecraft) Created: 256x128x0 jei:textures/atlas/gui.png-atlas
[08:27:31] [Render thread/INFO] (ScreenCustomizationLayerHandler) [FANCYMENU] Updating animation sizes..
[08:27:31] [Render thread/INFO] (ScreenCustomizationLayerHandler) [FANCYMENU] Minecraft resource reload: FINISHED
[08:28:13] [Render thread/INFO] (ScreenCustomizationLayerHandler) [FANCYMENU] ScreenCustomizationLayer registered: select_world_screen
[08:28:15] [Render thread/INFO] (ScreenCustomizationLayerHandler) [FANCYMENU] ScreenCustomizationLayer registered: generic_dirt_message_screen
[08:28:16] [Render thread/INFO] (Minecraft) Loaded 7 recipes
[08:28:17] [Render thread/INFO] (Minecraft) Loaded 1271 advancements
[08:28:17] [Render thread/INFO] (ClientLifecycleHandler) Stopping JEI
[08:28:17] [Render thread/INFO] (JeiStarter) Stopping JEI
[08:28:17] [Render thread/INFO] (PluginCaller) Sending Runtime Unavailable...
[08:28:17] [Render thread/INFO] (FabricGuiPlugin) Stopping JEI GUI
[08:28:17] [Render thread/INFO] (PluginCaller) Sending Runtime Unavailable took 610.4 ?s
[08:28:17] [Render thread/INFO] (ScreenCustomizationLayerHandler) [FANCYMENU] ScreenCustomizationLayer registered: progress_screen
[08:28:17] [Render thread/INFO] (betterstats) Clearing 'BetterStatsClientNetworkHandler' flags.
[08:28:17] [Render thread/INFO] (BiomeModificationImpl) Applied 0 biome modifications to 0 of 64 new biomes in 1.440 ms
[08:28:17] [Server thread/INFO] (Minecraft) Starting integrated minecraft server version 1.20.1
[08:28:17] [Server thread/INFO] (Minecraft) Generating keypair
[08:28:17] [Render thread/INFO] (ScreenCustomizationLayerHandler) [FANCYMENU] ScreenCustomizationLayer registered: level_loading_screen
[08:28:18] [Server thread/INFO] (Minecraft) Preparing start region for dimension minecraft:overworld
[08:28:19] [Render thread/INFO] (Minecraft) Preparing spawn area: 0%
[08:28:19] [Render thread/INFO] (Minecraft) Preparing spawn area: 0%
[08:28:19] [Render thread/INFO] (Minecraft) Preparing spawn area: 0%
[08:28:19] [Render thread/INFO] (Minecraft) Preparing spawn area: 0%
[08:28:20] [Render thread/INFO] (Minecraft) Preparing spawn area: 0%
[08:28:20] [Render thread/INFO] (Minecraft) Preparing spawn area: 71%
[08:28:20] [Render thread/INFO] (Minecraft) Time elapsed: 2669 ms
[08:28:21] [Server thread/INFO] (MapFrontiers) ServerStartingEvent done
[08:28:21] [Server thread/INFO] (Minecraft) Changing view distance to 12, from 10
[08:28:21] [Server thread/INFO] (Minecraft) Changing simulation distance to 12, from 0
[08:28:21] [Netty Local Client IO #0/INFO] (ReplayModRecording) Singleplayer Recording is disabled
[08:28:21] [Server thread/INFO] (Minecraft) Teinyx[local:E:aa2991dc] logged in with entity id 228 at (24.75949255673389, 76.0, 18.741262403509776)
[08:28:21] [Netty Local Client IO #0/INFO] (showmeyourskin) [showmeyourskin] Received config from server
[08:28:21] [Server thread/INFO] (MapFrontiers) PlayerJoinedEvent done (927395c7-adb9-4b67-bdd7-1d73dedfc901)
[08:28:21] [Netty Server IO #1/INFO] (showmeyourskin) [showmeyourskin] Client of Teinyx accepted server config.
[08:28:21] [Server thread/INFO] (Minecraft) Teinyx joined the game
[08:28:21] [Render thread/INFO] (Iris) Reloading pipeline on dimension change: null => NamespacedId{namespace='minecraft', name='overworld'}
[08:28:21] [Render thread/INFO] (Iris) Creating pipeline for dimension NamespacedId{namespace='minecraft', name='overworld'}
[08:28:21] [Netty Local Client IO #0/INFO] (betterstats) Server has 'betterstats' installed.
[08:28:22] [Render thread/INFO] (ChunkBuilder) Started 10 worker threads
[08:28:22] [Render thread/INFO] (Minecraft) [STDOUT]: Baritone world data dir: C:\Users\Kaili\AppData\Roaming\MultiMC\instances\2b2t-MultiMC-Config-main\.minecraft\saves\New World\.\baritone\minecraft\overworld_384
[08:28:22] [Render thread/INFO] (Minecraft) [STDOUT]: Cached world directory: C:\Users\Kaili\AppData\Roaming\MultiMC\instances\2b2t-MultiMC-Config-main\.minecraft\saves\New World\.\baritone\minecraft\overworld_384\cache
[08:28:22] [Render thread/INFO] (Minecraft) [STDOUT]: Would save waypoints to C:\Users\Kaili\AppData\Roaming\MultiMC\instances\2b2t-MultiMC-Config-main\.minecraft\saves\New World\.\baritone\minecraft\overworld_384\waypoints
[08:28:22] [Render thread/INFO] (ScreenCustomizationLayerHandler) [FANCYMENU] ScreenCustomizationLayer registered: receiving_level_screen
[08:28:22] [Render thread/INFO] (MapFrontiers) ClientConnectedEvent done
[08:28:22] [Render thread/INFO] (WorldTools) Cleared hot cache
[08:28:22] [Render thread/WARN] (ClientCommandInternals) Ambiguity between arguments [worldtools, capture, start] and [worldtools, capture, name] with inputs: [start]
[08:28:22] [Render thread/WARN] (ClientCommandInternals) Ambiguity between arguments [worldtools, capture, stop] and [worldtools, capture, name] with inputs: [stop]
[08:28:22] [Render thread/INFO] (litematica) Using 3 total BufferBuilder caches
[08:28:22] [Render thread/WARN] (Minecraft) Unable to read property: east with value: false for blockstate: {Name:"minecraft:cobblestone_wall",Properties:{east:"false",north:"false",south:"false",up:"false",west:"false"}}
[08:28:22] [Render thread/WARN] (Minecraft) Unable to read property: south with value: false for blockstate: {Name:"minecraft:cobblestone_wall",Properties:{east:"false",north:"false",south:"false",up:"false",west:"false"}}
[08:28:22] [Render thread/WARN] (Minecraft) Unable to read property: north with value: false for blockstate: {Name:"minecraft:cobblestone_wall",Properties:{east:"false",north:"false",south:"false",up:"false",west:"false"}}
[08:28:22] [Render thread/WARN] (Minecraft) Unable to read property: west with value: false for blockstate: {Name:"minecraft:cobblestone_wall",Properties:{east:"false",north:"false",south:"false",up:"false",west:"false"}}
[08:28:22] [Render thread/WARN] (Minecraft) Unable to read property: east with value: false for blockstate: {Name:"minecraft:mossy_cobblestone_wall",Properties:{east:"false",north:"false",south:"false",up:"false",west:"false"}}
[08:28:22] [Render thread/WARN] (Minecraft) Unable to read property: south with value: false for blockstate: {Name:"minecraft:mossy_cobblestone_wall",Properties:{east:"false",north:"false",south:"false",up:"false",west:"false"}}
[08:28:22] [Render thread/WARN] (Minecraft) Unable to read property: north with value: false for blockstate: {Name:"minecraft:mossy_cobblestone_wall",Properties:{east:"false",north:"false",south:"false",up:"false",west:"false"}}
[08:28:22] [Render thread/WARN] (Minecraft) Unable to read property: west with value: false for blockstate: {Name:"minecraft:mossy_cobblestone_wall",Properties:{east:"false",north:"false",south:"false",up:"false",west:"false"}}
[08:28:22] [Render thread/INFO] (LoggedTimer) Starting JEI...
[08:28:22] [Render thread/INFO] (PluginCaller) Registering item subtypes...
[08:28:22] [Render thread/INFO] (PluginCaller) Registering item subtypes took 4.875 ms
[08:28:22] [Render thread/INFO] (PluginCaller) Registering fluid subtypes...
[08:28:22] [Render thread/INFO] (PluginCaller) Registering fluid subtypes took 3.206 ms
[08:28:22] [Render thread/INFO] (PluginCaller) Registering ingredients...
[08:28:22] [Render thread/INFO] (PluginCallerTimerRunnable) Registering ingredients: jei:minecraft took 101.9 milliseconds
[08:28:22] [Render thread/INFO] (PluginCaller) Registering ingredients took 102.6 ms
[08:28:22] [Render thread/INFO] (PluginCaller) Registering categories...
[08:28:22] [Render thread/INFO] (PluginCallerTimerRunnable) Registering categories: jei:minecraft took 54.02 milliseconds
[08:28:22] [Render thread/INFO] (PluginCaller) Registering categories took 57.24 ms
[08:28:22] [Render thread/INFO] (PluginCaller) Registering vanilla category extensions...
[08:28:22] [Render thread/INFO] (PluginCaller) Registering vanilla category extensions took 6.384 ms
[08:28:22] [Render thread/INFO] (PluginCaller) Registering recipe catalysts...
[08:28:22] [Render thread/INFO] (PluginCaller) Registering recipe catalysts took 1.013 ms
[08:28:22] [Render thread/INFO] (PluginCaller) Registering advanced plugins...
[08:28:22] [Render thread/INFO] (PluginCaller) Registering advanced plugins took 337.9 ?s
[08:28:22] [Render thread/INFO] (LoggedTimer) Building recipe registry...
[08:28:22] [Render thread/INFO] (LoggedTimer) Building recipe registry took 11.16 ms
[08:28:22] [Render thread/INFO] (PluginCaller) Registering recipes...
[08:28:23] [Render thread/INFO] (PluginCallerTimerRunnable) Registering recipes: jei:minecraft took 196.1 milliseconds
[08:28:23] [Render thread/INFO] (PluginCaller) Registering recipes took 196.5 ms
[08:28:23] [Render thread/INFO] (PluginCaller) Registering recipes transfer handlers...
[08:28:23] [Render thread/INFO] (PluginCaller) Registering recipes transfer handlers took 4.338 ms
[08:28:23] [Render thread/INFO] (LoggedTimer) Building runtime...
[08:28:23] [Render thread/INFO] (PluginCaller) Registering gui handlers...
[08:28:23] [Render thread/INFO] (PluginCallerTimerRunnable) Registering gui handlers: jei:gui took 15.01 milliseconds
[08:28:23] [Render thread/INFO] (PluginCaller) Registering gui handlers took 21.43 ms
[08:28:23] [Render thread/INFO] (PluginCaller) Registering Runtime...
[08:28:23] [Render thread/INFO] (JeiGuiStarter) Starting JEI GUI
[08:28:23] [Render thread/INFO] (LoggedTimer) Building ingredient list...
[08:28:23] [Render thread/INFO] (LoggedTimer) Building ingredient list took 6.541 ms
[08:28:23] [Render thread/INFO] (LoggedTimer) Building ingredient filter...
[08:28:23] [Render thread/INFO] (IngredientFilter) Adding 1514 ingredients
[08:28:23] [Render thread/INFO] (IngredientFilter) Added 1514 ingredients
[08:28:23] [Render thread/INFO] (LoggedTimer) Building ingredient filter took 154.2 ms
[08:28:23] [Render thread/INFO] (PluginCallerTimerRunnable) Registering Runtime: jei:fabric_gui took 319.6 milliseconds
[08:28:23] [Render thread/INFO] (PluginCaller) Registering Runtime took 320.2 ms
[08:28:23] [Render thread/INFO] (LoggedTimer) Building runtime took 360.1 ms
[08:28:23] [Render thread/INFO] (PluginCaller) Sending Runtime...
[08:28:23] [Render thread/INFO] (PluginCaller) Sending Runtime took 221.2 ?s
[08:28:23] [Render thread/INFO] (LoggedTimer) Starting JEI took 843.5 ms
[08:28:23] [pool-11-thread-1/INFO] (Minecraft) [STDOUT]: Loading region -1,-1 from disk C:\Users\Kaili\AppData\Roaming\MultiMC\instances\2b2t-MultiMC-Config-main\.minecraft\saves\New World\.\baritone\minecraft\overworld_384\cache
[08:28:23] [Render thread/INFO] (Minecraft) Loaded 2 advancements
[08:28:23] [pool-11-thread-1/INFO] (Minecraft) [STDOUT]: Loaded region successfully in 66ms
[08:28:23] [pool-11-thread-1/INFO] (Minecraft) [STDOUT]: Loading region -1,0 from disk C:\Users\Kaili\AppData\Roaming\MultiMC\instances\2b2t-MultiMC-Config-main\.minecraft\saves\New World\.\baritone\minecraft\overworld_384\cache
[08:28:23] [pool-11-thread-1/INFO] (Minecraft) [STDOUT]: Loaded region successfully in 47ms
[08:28:24] [Render thread/INFO] (Minecraft) [System] [CHAT] §eJourneyMap:§f Press [§bJ§f]
[08:28:25] [pool-11-thread-1/INFO] (Minecraft) [STDOUT]: Loading region 0,-1 from disk C:\Users\Kaili\AppData\Roaming\MultiMC\instances\2b2t-MultiMC-Config-main\.minecraft\saves\New World\.\baritone\minecraft\overworld_384\cache
[08:28:25] [pool-11-thread-1/INFO] (Minecraft) [STDOUT]: Loaded region successfully in 59ms
[08:28:25] [pool-11-thread-1/INFO] (Minecraft) [STDOUT]: Loading region 0,0 from disk C:\Users\Kaili\AppData\Roaming\MultiMC\instances\2b2t-MultiMC-Config-main\.minecraft\saves\New World\.\baritone\minecraft\overworld_384\cache
[08:28:25] [pool-11-thread-1/INFO] (Minecraft) [STDOUT]: Loaded region successfully in 100ms
[08:28:26] [Render thread/INFO] (ScreenCustomizationLayerHandler) [FANCYMENU] ScreenCustomizationLayer registered: pause_screen
[08:28:26] [Server thread/INFO] (Minecraft) Saving and pausing game...
[08:28:26] [Server thread/INFO] (Minecraft) Saving chunks for level 'ServerLevel[New World]'/minecraft:overworld
[08:28:26] [Server thread/INFO] (Minecraft) Saving chunks for level 'ServerLevel[New World]'/minecraft:the_end
[08:28:26] [Server thread/INFO] (Minecraft) Saving chunks for level 'ServerLevel[New World]'/minecraft:the_nether
[08:28:52] [ForkJoinPool.commonPool-worker-9/INFO] (Minecraft) [STDOUT]: Saving region 0,-1 to disk C:\Users\Kaili\AppData\Roaming\MultiMC\instances\2b2t-MultiMC-Config-main\.minecraft\saves\New World\.\baritone\minecraft\overworld_384\cache
[08:28:52] [ForkJoinPool.commonPool-worker-2/INFO] (Minecraft) [STDOUT]: Saving region 0,0 to disk C:\Users\Kaili\AppData\Roaming\MultiMC\instances\2b2t-MultiMC-Config-main\.minecraft\saves\New World\.\baritone\minecraft\overworld_384\cache
[08:28:52] [pool-11-thread-2/INFO] (Minecraft) [STDOUT]: Saving region -1,0 to disk C:\Users\Kaili\AppData\Roaming\MultiMC\instances\2b2t-MultiMC-Config-main\.minecraft\saves\New World\.\baritone\minecraft\overworld_384\cache
[08:28:52] [ForkJoinPool.commonPool-worker-6/INFO] (Minecraft) [STDOUT]: Saving region -1,-1 to disk C:\Users\Kaili\AppData\Roaming\MultiMC\instances\2b2t-MultiMC-Config-main\.minecraft\saves\New World\.\baritone\minecraft\overworld_384\cache
[08:28:52] [ForkJoinPool.commonPool-worker-6/INFO] (Minecraft) [STDOUT]: Saved region successfully
[08:28:52] [ForkJoinPool.commonPool-worker-9/INFO] (Minecraft) [STDOUT]: Saved region successfully
[08:28:52] [pool-11-thread-2/INFO] (Minecraft) [STDOUT]: Saved region successfully
[08:28:52] [ForkJoinPool.commonPool-worker-2/INFO] (Minecraft) [STDOUT]: Saved region successfully
[08:28:52] [pool-11-thread-2/INFO] (Minecraft) [STDOUT]: World save took 98ms
[08:37:12] [Render thread/INFO] (Minecraft) Stopping!
[08:37:12] [Netty Local Client IO #0/INFO] (MapFrontiers) ClientDisconnectedEvent done
[08:37:12] [Render thread/INFO] (ClientLifecycleHandler) Stopping JEI
[08:37:12] [Render thread/INFO] (JeiStarter) Stopping JEI
[08:37:12] [Render thread/INFO] (PluginCaller) Sending Runtime Unavailable...
[08:37:12] [Render thread/INFO] (FabricGuiPlugin) Stopping JEI GUI
[08:37:12] [Render thread/INFO] (PluginCaller) Sending Runtime Unavailable took 222.1 ?s
[08:37:12] [Server thread/INFO] (Minecraft) Teinyx lost connection: Disconnected
[08:37:12] [Server thread/INFO] (Minecraft) Teinyx left the game
[08:37:12] [Server thread/INFO] (Minecraft) Stopping singleplayer server as player logged out
[08:37:12] [Server thread/INFO] (MapFrontiers) ServerStoppingEvent done
[08:37:12] [Server thread/INFO] (Minecraft) Stopping server
[08:37:12] [Server thread/INFO] (Minecraft) Saving players
[08:37:12] [Server thread/INFO] (Minecraft) Saving worlds
[08:37:13] [Server thread/INFO] (Minecraft) Saving chunks for level 'ServerLevel[New World]'/minecraft:overworld
[08:37:13] [Server thread/INFO] (Minecraft) Saving chunks for level 'ServerLevel[New World]'/minecraft:the_end
[08:37:13] [Server thread/INFO] (Minecraft) Saving chunks for level 'ServerLevel[New World]'/minecraft:the_nether
[08:37:13] [Server thread/INFO] (Minecraft) ThreadedAnvilChunkStorage (New World): All chunks are saved
[08:37:13] [Server thread/INFO] (Minecraft) ThreadedAnvilChunkStorage (DIM1): All chunks are saved
[08:37:13] [Server thread/INFO] (Minecraft) ThreadedAnvilChunkStorage (DIM-1): All chunks are saved
[08:37:13] [Server thread/INFO] (Minecraft) ThreadedAnvilChunkStorage: All dimensions are saved
[08:37:13] [Render thread/INFO] (ChunkBuilder) Stopping worker threads
[08:37:13] [Render thread/INFO] (betterstats) Clearing 'BetterStatsClientNetworkHandler' flags.
